Using pre-set license
Built from '2020.3/staging' branch; Version is '2020.3.16f1 (049d6eca3c44) revision 302446'; Using compiler version '192528614'; Build Type 'Release'
OS: 'Windows 10 Home Single Language; OS build 19042.1165; Version 2009; 64bit' Language: 'es' Physical Memory: 12091 MB
BatchMode: 1, IsHumanControllingUs: 0, StartBugReporterOnCrash: 0, Is64bit: 1, IsPro: 0

 COMMAND LINE ARGUMENTS:
C:\Program Files\Unity\Hub\Editor\2020.3.16f1\Editor\Unity.exe
-adb2
-batchMode
-noUpm
-name
AssetImportWorker0
-projectPath
D:/Ciclo 2021-2/Videojuegos/Ortiz_T2A1
-logFile
Logs/AssetImportWorker0.log
-srvPort
63913
Successfully changed project path to: D:/Ciclo 2021-2/Videojuegos/Ortiz_T2A1
D:/Ciclo 2021-2/Videojuegos/Ortiz_T2A1
Using Asset Import Pipeline V2.
Refreshing native plugins compatible for Editor in 84.77 ms, found 3 plugins.
Preloading 0 native plugins for Editor in 0.00 ms.
Initialize engine version: 2020.3.16f1 (049d6eca3c44)
[Subsystems] Discovering subsystems at path C:/Program Files/Unity/Hub/Editor/2020.3.16f1/Editor/Data/Resources/UnitySubsystems
[Subsystems] Discovering subsystems at path D:/Ciclo 2021-2/Videojuegos/Ortiz_T2A1/Assets
GfxDevice: creating device client; threaded=0
Direct3D:
    Version:  Direct3D 11.0 [level 11.0]
    Renderer: NVIDIA GeForce MX130 (ID=0x174d)
    Vendor:   
    VRAM:     2010 MB
    Driver:   27.21.14.6280
Initialize mono
Mono path[0] = 'C:/Program Files/Unity/Hub/Editor/2020.3.16f1/Editor/Data/Managed'
Mono path[1] = 'C:/Program Files/Unity/Hub/Editor/2020.3.16f1/Editor/Data/MonoBleedingEdge/lib/mono/unityjit'
Mono config path = 'C:/Program Files/Unity/Hub/Editor/2020.3.16f1/Editor/Data/MonoBleedingEdge/etc'
Using monoOptions --debugger-agent=transport=dt_socket,embedding=1,server=y,suspend=n,address=127.0.0.1:56164
Begin MonoManager ReloadAssembly
Registering precompiled unity dll's ...
Register platform support module: C:/Program Files/Unity/Hub/Editor/2020.3.16f1/Editor/Data/PlaybackEngines/WindowsStandaloneSupport/UnityEditor.WindowsStandalone.Extensions.dll
Registered in 0.002141 seconds.
Native extension for WindowsStandalone target not found
Refreshing native plugins compatible for Editor in 104.71 ms, found 3 plugins.
Preloading 0 native plugins for Editor in 0.00 ms.
Mono: successfully reloaded assembly
- Completed reload, in  2.489 seconds
Domain Reload Profiling:
	ReloadAssembly (2489ms)
		BeginReloadAssembly (136ms)
			ExecutionOrderSort (0ms)
			DisableScriptedObjects (0ms)
			BackupInstance (0ms)
			ReleaseScriptingObjects (0ms)
			CreateAndSetChildDomain (2ms)
		EndReloadAssembly (997ms)
			LoadAssemblies (129ms)
			RebuildTransferFunctionScriptingTraits (0ms)
			SetupTypeCache (324ms)
			ReleaseScriptCaches (0ms)
			RebuildScriptCaches (79ms)
			SetupLoadedEditorAssemblies (427ms)
				LogAssemblyErrors (0ms)
				InitializePlatformSupportModulesInManaged (10ms)
				SetLoadedEditorAssemblies (1ms)
				RefreshPlugins (105ms)
				BeforeProcessingInitializeOnLoad (43ms)
				ProcessInitializeOnLoadAttributes (200ms)
				ProcessInitializeOnLoadMethodAttributes (69ms)
				AfterProcessingInitializeOnLoad (0ms)
				EditorAssembliesLoaded (0ms)
			ExecutionOrderSort2 (0ms)
			AwakeInstancesAfterBackupRestoration (0ms)
Platform modules already initialized, skipping
Registering precompiled user dll's ...
Registered in 0.006316 seconds.
Begin MonoManager ReloadAssembly
Native extension for WindowsStandalone target not found
Refreshing native plugins compatible for Editor in 100.63 ms, found 3 plugins.
Preloading 0 native plugins for Editor in 0.00 ms.
Mono: successfully reloaded assembly
- Completed reload, in  2.861 seconds
Domain Reload Profiling:
	ReloadAssembly (2863ms)
		BeginReloadAssembly (347ms)
			ExecutionOrderSort (0ms)
			DisableScriptedObjects (13ms)
			BackupInstance (0ms)
			ReleaseScriptingObjects (0ms)
			CreateAndSetChildDomain (39ms)
		EndReloadAssembly (2392ms)
			LoadAssemblies (209ms)
			RebuildTransferFunctionScriptingTraits (0ms)
			SetupTypeCache (695ms)
			ReleaseScriptCaches (1ms)
			RebuildScriptCaches (119ms)
			SetupLoadedEditorAssemblies (1058ms)
				LogAssemblyErrors (0ms)
				InitializePlatformSupportModulesInManaged (10ms)
				SetLoadedEditorAssemblies (0ms)
				RefreshPlugins (101ms)
				BeforeProcessingInitializeOnLoad (188ms)
				ProcessInitializeOnLoadAttributes (710ms)
				ProcessInitializeOnLoadMethodAttributes (32ms)
				AfterProcessingInitializeOnLoad (16ms)
				EditorAssembliesLoaded (0ms)
			ExecutionOrderSort2 (0ms)
			AwakeInstancesAfterBackupRestoration (17ms)
Platform modules already initialized, skipping
========================================================================
Worker process is ready to serve import requests
Launched and connected shader compiler UnityShaderCompiler.exe after 0.07 seconds
Refreshing native plugins compatible for Editor in 0.46 ms, found 3 plugins.
Preloading 0 native plugins for Editor in 0.00 ms.
Unloading 2091 Unused Serialized files (Serialized files now loaded: 0)
System memory in use before: 93.0 MB.
System memory in use after: 93.1 MB.

Unloading 28 unused Assets to reduce memory usage. Loaded Objects now: 2528.
Total: 3.687800 ms (FindLiveObjects: 0.224000 ms CreateObjectMapping: 0.080600 ms MarkObjects: 3.314300 ms  DeleteObjects: 0.068000 ms)

AssetImportParameters requested are different than current active one (requested -> active):
  custom:framework-win-MediaFoundation: 216162199b28c13a410421893ffa2e32 -> 
  custom:video-decoder-ogg-theora: a1e56fd34408186e4bbccfd4996cb3dc -> 
  custom:container-muxer-webm: aa71ff27fc2769a1b78a27578f13a17b -> 
  custom:container-demuxer-webm: 4f35f7cbe854078d1ac9338744f61a02 -> 
  custom:container-demuxer-ogg: 62fdf1f143b41e24485cea50d1cbac27 -> 
  custom:video-encoder-webm-vp8: eb34c28f22e8b96e1ab97ce403110664 -> 
  custom:video-decoder-webm-vp8: 9c59270c3fd7afecdb556c50c9e8de78 -> 
  custom:audio-decoder-ogg-vorbis: bf7c407c2cedff20999df2af8eb42d56 -> 
  custom:audio-encoder-webm-vorbis: bf7c407c2cedff20999df2af8eb42d56 -> 
========================================================================
Received Import Request.
  path: Assets/New Folder
  artifactKey: Guid(3dd5385c0d14b3d4d8d1a1dbfda40c4a) Importer(815301076,1909f56bfc062723c751e8b465ee728b)
Start importing Assets/New Folder using Guid(3dd5385c0d14b3d4d8d1a1dbfda40c4a) Importer(815301076,1909f56bfc062723c751e8b465ee728b)  -> (artifact id: '5c579cc60d21f0e64fc7ed307b585d6a') in 0.004138 seconds 
  Import took 0.034275 seconds .

========================================================================
Received Import Request.
  Time since last request: 3.901736 seconds.
  path: Assets/Sprites
  artifactKey: Guid(3dd5385c0d14b3d4d8d1a1dbfda40c4a) Importer(815301076,1909f56bfc062723c751e8b465ee728b)
Start importing Assets/Sprites using Guid(3dd5385c0d14b3d4d8d1a1dbfda40c4a) Importer(815301076,1909f56bfc062723c751e8b465ee728b)  -> (artifact id: '718cc48ee9ca0a0eedfa203edc04032d') in 0.001854 seconds 
  Import took 0.006806 seconds .

========================================================================
Received Import Request.
  Time since last request: 19.514026 seconds.
  path: Assets/Sprites/cat/Dead (1).png
  artifactKey: Guid(cdd3d26517184de4d905a641545d171b) Importer(815301076,1909f56bfc062723c751e8b465ee728b)
Start importing Assets/Sprites/cat/Dead (1).png using Guid(cdd3d26517184de4d905a641545d171b) Importer(815301076,1909f56bfc062723c751e8b465ee728b)  -> (artifact id: '5f8a2f07ef1a1684b661bc1aac66d78a') in 0.183274 seconds 
  Import took 0.189322 seconds .

========================================================================
Received Import Request.
  Time since last request: 0.000602 seconds.
  path: Assets/Sprites/cat/Jump (2).png
  artifactKey: Guid(75b6ce5e9975ee442b7ff5335ba55099) Importer(815301076,1909f56bfc062723c751e8b465ee728b)
Start importing Assets/Sprites/cat/Jump (2).png using Guid(75b6ce5e9975ee442b7ff5335ba55099) Importer(815301076,1909f56bfc062723c751e8b465ee728b)  -> (artifact id: 'ce31ec376750e4c507043e28859b904c') in 0.019863 seconds 
  Import took 0.025953 seconds .

========================================================================
Received Import Request.
  Time since last request: 0.000179 seconds.
  path: Assets/Sprites/cat/Idle (1).png
  artifactKey: Guid(c14d713ed22b47245a2b7e30cb183720) Importer(815301076,1909f56bfc062723c751e8b465ee728b)
Start importing Assets/Sprites/cat/Idle (1).png using Guid(c14d713ed22b47245a2b7e30cb183720) Importer(815301076,1909f56bfc062723c751e8b465ee728b)  -> (artifact id: '32fcf13605ba88945b54e18efddb6f8c') in 0.013164 seconds 
  Import took 0.016727 seconds .

========================================================================
Received Import Request.
  Time since last request: 0.000264 seconds.
  path: Assets/Sprites/cat/Idle (5).png
  artifactKey: Guid(7f027831b5d25fa45b6b8aafe2f9e95f) Importer(815301076,1909f56bfc062723c751e8b465ee728b)
Start importing Assets/Sprites/cat/Idle (5).png using Guid(7f027831b5d25fa45b6b8aafe2f9e95f) Importer(815301076,1909f56bfc062723c751e8b465ee728b)  -> (artifact id: '65499171e772a1f59424f596b0c92646') in 0.016887 seconds 
  Import took 0.079711 seconds .

========================================================================
Received Import Request.
  Time since last request: 0.000488 seconds.
  path: Assets/Sprites/cat/Fall (4).png
  artifactKey: Guid(c4502839c27dcf947ad46528658a6cd3) Importer(815301076,1909f56bfc062723c751e8b465ee728b)
Start importing Assets/Sprites/cat/Fall (4).png using Guid(c4502839c27dcf947ad46528658a6cd3) Importer(815301076,1909f56bfc062723c751e8b465ee728b)  -> (artifact id: '0a3734132df9798b30f3cdd69d7a07a9') in 0.015639 seconds 
  Import took 0.021496 seconds .

========================================================================
Received Import Request.
  Time since last request: 0.000253 seconds.
  path: Assets/Sprites/cat/Idle (9).png
  artifactKey: Guid(e2336cde43d429d44acfcdcc98f3c5dc) Importer(815301076,1909f56bfc062723c751e8b465ee728b)
Start importing Assets/Sprites/cat/Idle (9).png using Guid(e2336cde43d429d44acfcdcc98f3c5dc) Importer(815301076,1909f56bfc062723c751e8b465ee728b)  -> (artifact id: 'a5c68cbbf1c8a62fcb8ef01eb944e54e') in 0.013725 seconds 
  Import took 0.018436 seconds .

========================================================================
Received Import Request.
  Time since last request: 0.000202 seconds.
  path: Assets/Sprites/cat/Idle (8).png
  artifactKey: Guid(471354059bfa13b47be998c9aa9b013c) Importer(815301076,1909f56bfc062723c751e8b465ee728b)
Start importing Assets/Sprites/cat/Idle (8).png using Guid(471354059bfa13b47be998c9aa9b013c) Importer(815301076,1909f56bfc062723c751e8b465ee728b)  -> (artifact id: '00bc1fcf3c59f66d359f2e65e9dcc8e7') in 0.014261 seconds 
  Import took 0.018705 seconds .

========================================================================
Received Import Request.
  Time since last request: 0.000234 seconds.
  path: Assets/Sprites/cat/Hurt (4).png
  artifactKey: Guid(049fdd7e921ebc54fa9bf0a9eb44e68f) Importer(815301076,1909f56bfc062723c751e8b465ee728b)
Start importing Assets/Sprites/cat/Hurt (4).png using Guid(049fdd7e921ebc54fa9bf0a9eb44e68f) Importer(815301076,1909f56bfc062723c751e8b465ee728b)  -> (artifact id: '0dac719e6d07b77773c4945157b1776b') in 0.016010 seconds 
  Import took 0.026462 seconds .

========================================================================
Received Import Request.
  Time since last request: 0.000280 seconds.
  path: Assets/Sprites/cat/Dead (9).png
  artifactKey: Guid(e3486cad261f58c419094e17b8e2d8b3) Importer(815301076,1909f56bfc062723c751e8b465ee728b)
Start importing Assets/Sprites/cat/Dead (9).png using Guid(e3486cad261f58c419094e17b8e2d8b3) Importer(815301076,1909f56bfc062723c751e8b465ee728b)  -> (artifact id: '46b2da3cf0b3341cb1ae4ad3ba3b83a8') in 0.013004 seconds 
  Import took 0.017129 seconds .

========================================================================
Received Import Request.
  Time since last request: 0.000235 seconds.
  path: Assets/Sprites/cat/Fall (6).png
  artifactKey: Guid(f7b6c9d64efccfe4a8ccb0bc245acf5e) Importer(815301076,1909f56bfc062723c751e8b465ee728b)
Start importing Assets/Sprites/cat/Fall (6).png using Guid(f7b6c9d64efccfe4a8ccb0bc245acf5e) Importer(815301076,1909f56bfc062723c751e8b465ee728b)  -> (artifact id: 'f601c855c8196833c331b9362e482301') in 0.012177 seconds 
  Import took 0.015928 seconds .

========================================================================
Received Import Request.
  Time since last request: 0.000215 seconds.
  path: Assets/Sprites/cat/Dead (10).png
  artifactKey: Guid(533b4abcff900c7419108a2f065469a4) Importer(815301076,1909f56bfc062723c751e8b465ee728b)
Start importing Assets/Sprites/cat/Dead (10).png using Guid(533b4abcff900c7419108a2f065469a4) Importer(815301076,1909f56bfc062723c751e8b465ee728b)  -> (artifact id: '3dc50eb301199ff7f98ab283ee94d4de') in 0.010888 seconds 
  Import took 0.014435 seconds .

========================================================================
Received Import Request.
  Time since last request: 0.000165 seconds.
  path: Assets/Sprites/cat/Hurt (6).png
  artifactKey: Guid(34e90c37e7b925f4fbdeb5b817fd8b91) Importer(815301076,1909f56bfc062723c751e8b465ee728b)
Start importing Assets/Sprites/cat/Hurt (6).png using Guid(34e90c37e7b925f4fbdeb5b817fd8b91) Importer(815301076,1909f56bfc062723c751e8b465ee728b)  -> (artifact id: 'ca64f661664c459c30326ef98cf00e53') in 0.010620 seconds 
  Import took 0.013968 seconds .

========================================================================
Received Import Request.
  Time since last request: 0.000170 seconds.
  path: Assets/Sprites/cat/Run (1).png
  artifactKey: Guid(3a07fd8be9faec14199161b84c18c72d) Importer(815301076,1909f56bfc062723c751e8b465ee728b)
Start importing Assets/Sprites/cat/Run (1).png using Guid(3a07fd8be9faec14199161b84c18c72d) Importer(815301076,1909f56bfc062723c751e8b465ee728b)  -> (artifact id: '59f7bbbbc57beb10d349e36b600f0be8') in 0.009220 seconds 
  Import took 0.012337 seconds .

========================================================================
Received Import Request.
  Time since last request: 0.000164 seconds.
  path: Assets/Sprites/cat/Idle (10).png
  artifactKey: Guid(b76d3eebd322646408dde8be892fbad3) Importer(815301076,1909f56bfc062723c751e8b465ee728b)
Start importing Assets/Sprites/cat/Idle (10).png using Guid(b76d3eebd322646408dde8be892fbad3) Importer(815301076,1909f56bfc062723c751e8b465ee728b)  -> (artifact id: 'c7effde47053624ab40530ac05a80619') in 0.010271 seconds 
  Import took 0.013482 seconds .

========================================================================
Received Import Request.
  Time since last request: 0.000177 seconds.
  path: Assets/Sprites/cat/Jump (6).png
  artifactKey: Guid(23f9d727593ed1f4ca0aa40c4f8ff451) Importer(815301076,1909f56bfc062723c751e8b465ee728b)
Start importing Assets/Sprites/cat/Jump (6).png using Guid(23f9d727593ed1f4ca0aa40c4f8ff451) Importer(815301076,1909f56bfc062723c751e8b465ee728b)  -> (artifact id: '999c6ebeb4acb0a6cf337cb4b4e8a043') in 0.010403 seconds 
  Import took 0.013663 seconds .

========================================================================
Received Import Request.
  Time since last request: 0.000177 seconds.
  path: Assets/Sprites/cat/Dead (6).png
  artifactKey: Guid(90d2697fb0e3fff4d9533d9137217c67) Importer(815301076,1909f56bfc062723c751e8b465ee728b)
Start importing Assets/Sprites/cat/Dead (6).png using Guid(90d2697fb0e3fff4d9533d9137217c67) Importer(815301076,1909f56bfc062723c751e8b465ee728b)  -> (artifact id: 'c73ba0d98c469eb3a2a9a16e7c8338d6') in 0.010253 seconds 
  Import took 0.013400 seconds .

========================================================================
Received Import Request.
  Time since last request: 0.000181 seconds.
  path: Assets/Sprites/cat/Idle (7).png
  artifactKey: Guid(48be3316636e683489b21035f1f23efc) Importer(815301076,1909f56bfc062723c751e8b465ee728b)
Start importing Assets/Sprites/cat/Idle (7).png using Guid(48be3316636e683489b21035f1f23efc) Importer(815301076,1909f56bfc062723c751e8b465ee728b)  -> (artifact id: '882707aa7d04651ff1cce3c36f2141e6') in 0.010477 seconds 
  Import took 0.013614 seconds .

========================================================================
Received Import Request.
  Time since last request: 0.000196 seconds.
  path: Assets/Sprites/cat/Dead (2).png
  artifactKey: Guid(961c4fb7d0961004e856603c1d1d94f4) Importer(815301076,1909f56bfc062723c751e8b465ee728b)
Start importing Assets/Sprites/cat/Dead (2).png using Guid(961c4fb7d0961004e856603c1d1d94f4) Importer(815301076,1909f56bfc062723c751e8b465ee728b)  -> (artifact id: 'cb9f80b09b6fe13938957c247149758d') in 0.009299 seconds 
  Import took 0.012492 seconds .

========================================================================
Received Import Request.
  Time since last request: 0.000177 seconds.
  path: Assets/Sprites/cat/Idle (6).png
  artifactKey: Guid(602688fefc4df5045ba6b5ad2046d881) Importer(815301076,1909f56bfc062723c751e8b465ee728b)
Start importing Assets/Sprites/cat/Idle (6).png using Guid(602688fefc4df5045ba6b5ad2046d881) Importer(815301076,1909f56bfc062723c751e8b465ee728b)  -> (artifact id: 'a1fd2c4d5801f4508494f4e5cd75bc98') in 0.010910 seconds 
  Import took 0.014125 seconds .

========================================================================
Received Import Request.
  Time since last request: 0.000200 seconds.
  path: Assets/Sprites/cat/Dead (5).png
  artifactKey: Guid(837b6b1d87dcdcb42adafcea558d6e71) Importer(815301076,1909f56bfc062723c751e8b465ee728b)
Start importing Assets/Sprites/cat/Dead (5).png using Guid(837b6b1d87dcdcb42adafcea558d6e71) Importer(815301076,1909f56bfc062723c751e8b465ee728b)  -> (artifact id: '36f748877a6a9c2d5a174aa7cdf432e5') in 0.009728 seconds 
  Import took 0.012939 seconds .

========================================================================
Received Import Request.
  Time since last request: 0.000306 seconds.
  path: Assets/Sprites/cat/Fall (1).png
  artifactKey: Guid(3a09ace0407f3014aa9028dc6f33eaff) Importer(815301076,1909f56bfc062723c751e8b465ee728b)
Start importing Assets/Sprites/cat/Fall (1).png using Guid(3a09ace0407f3014aa9028dc6f33eaff) Importer(815301076,1909f56bfc062723c751e8b465ee728b)  -> (artifact id: 'b94799d62d7ea518e6c69b5c97d75966') in 0.011143 seconds 
  Import took 0.014449 seconds .

========================================================================
Received Import Request.
  Time since last request: 0.000289 seconds.
  path: Assets/Sprites/cat/Jump (4).png
  artifactKey: Guid(e975bcc759f18ba4fb1493d92003c46c) Importer(815301076,1909f56bfc062723c751e8b465ee728b)
Start importing Assets/Sprites/cat/Jump (4).png using Guid(e975bcc759f18ba4fb1493d92003c46c) Importer(815301076,1909f56bfc062723c751e8b465ee728b)  -> (artifact id: 'a56893d6bd23059a33427bb737f148fd') in 0.013542 seconds 
  Import took 0.018552 seconds .

========================================================================
Received Import Request.
  Time since last request: 0.000551 seconds.
  path: Assets/Sprites/cat/Jump (5).png
  artifactKey: Guid(d283309543a2f194aacf3eb4bcf7455c) Importer(815301076,1909f56bfc062723c751e8b465ee728b)
Start importing Assets/Sprites/cat/Jump (5).png using Guid(d283309543a2f194aacf3eb4bcf7455c) Importer(815301076,1909f56bfc062723c751e8b465ee728b)  -> (artifact id: '7e4d90d741d6672199b45d4da92e8f2a') in 0.018421 seconds 
  Import took 0.101467 seconds .

========================================================================
Received Import Request.
  Time since last request: 0.000205 seconds.
  path: Assets/Sprites/cat/Fall (7).png
  artifactKey: Guid(19d35f3e0b767e449ad8798a9bef137a) Importer(815301076,1909f56bfc062723c751e8b465ee728b)
Start importing Assets/Sprites/cat/Fall (7).png using Guid(19d35f3e0b767e449ad8798a9bef137a) Importer(815301076,1909f56bfc062723c751e8b465ee728b)  -> (artifact id: 'f368361f07668ba3c52d9a21614a6752') in 0.012164 seconds 
  Import took 0.015336 seconds .

========================================================================
Received Import Request.
  Time since last request: 0.000174 seconds.
  path: Assets/Sprites/cat/Jump (8).png
  artifactKey: Guid(f3ae14a7ff61ee5458848fac21026ac1) Importer(815301076,1909f56bfc062723c751e8b465ee728b)
Start importing Assets/Sprites/cat/Jump (8).png using Guid(f3ae14a7ff61ee5458848fac21026ac1) Importer(815301076,1909f56bfc062723c751e8b465ee728b)  -> (artifact id: '0a54ea260f6509655e7d8212e554e818') in 0.011516 seconds 
  Import took 0.014720 seconds .

========================================================================
Received Import Request.
  Time since last request: 0.000170 seconds.
  path: Assets/Sprites/cat/Hurt (1).png
  artifactKey: Guid(53059bc341f084445931a3d133014042) Importer(815301076,1909f56bfc062723c751e8b465ee728b)
Start importing Assets/Sprites/cat/Hurt (1).png using Guid(53059bc341f084445931a3d133014042) Importer(815301076,1909f56bfc062723c751e8b465ee728b)  -> (artifact id: '172e0b65238aba35de52886da6913bd0') in 0.010722 seconds 
  Import took 0.036208 seconds .

========================================================================
Received Import Request.
  Time since last request: 0.000183 seconds.
  path: Assets/Sprites/cat/Idle (4).png
  artifactKey: Guid(93f7175992ecd644c9e9f991093e5b1f) Importer(815301076,1909f56bfc062723c751e8b465ee728b)
Start importing Assets/Sprites/cat/Idle (4).png using Guid(93f7175992ecd644c9e9f991093e5b1f) Importer(815301076,1909f56bfc062723c751e8b465ee728b)  -> (artifact id: '2bff20a8bcf6288f3b947715ce7458ba') in 0.010544 seconds 
  Import took 0.013779 seconds .

========================================================================
Received Import Request.
  Time since last request: 0.000185 seconds.
  path: Assets/Sprites/cat/Fall (2).png
  artifactKey: Guid(a1e434fa8e658554fab5a778ff64c0d5) Importer(815301076,1909f56bfc062723c751e8b465ee728b)
Start importing Assets/Sprites/cat/Fall (2).png using Guid(a1e434fa8e658554fab5a778ff64c0d5) Importer(815301076,1909f56bfc062723c751e8b465ee728b)  -> (artifact id: '049d16c81c3209a49450c79f2a4efd7a') in 0.010936 seconds 
  Import took 0.023680 seconds .

========================================================================
Received Import Request.
  Time since last request: 0.000221 seconds.
  path: Assets/Sprites/cat/Hurt (10).png
  artifactKey: Guid(90b4817fa74bec64eac40ff971813e69) Importer(815301076,1909f56bfc062723c751e8b465ee728b)
Start importing Assets/Sprites/cat/Hurt (10).png using Guid(90b4817fa74bec64eac40ff971813e69) Importer(815301076,1909f56bfc062723c751e8b465ee728b)  -> (artifact id: 'c4175b38ff25d00b4148763c92180295') in 0.011503 seconds 
  Import took 0.015021 seconds .

========================================================================
Received Import Request.
  Time since last request: 0.000230 seconds.
  path: Assets/Sprites/cat/Jump (3).png
  artifactKey: Guid(4fe349065ba92574d928436291660755) Importer(815301076,1909f56bfc062723c751e8b465ee728b)
Start importing Assets/Sprites/cat/Jump (3).png using Guid(4fe349065ba92574d928436291660755) Importer(815301076,1909f56bfc062723c751e8b465ee728b)  -> (artifact id: 'a366b1641b4db92cf0ab96b8426339ab') in 0.010679 seconds 
  Import took 0.014144 seconds .

========================================================================
Received Import Request.
  Time since last request: 0.000165 seconds.
  path: Assets/Sprites/cat/Hurt (2).png
  artifactKey: Guid(765eec54503fa4e49acada302743bcc7) Importer(815301076,1909f56bfc062723c751e8b465ee728b)
Start importing Assets/Sprites/cat/Hurt (2).png using Guid(765eec54503fa4e49acada302743bcc7) Importer(815301076,1909f56bfc062723c751e8b465ee728b)  -> (artifact id: '4b97b008999907f44bd7d7ba0c0ab1e0') in 0.011032 seconds 
  Import took 0.014370 seconds .

========================================================================
Received Import Request.
  Time since last request: 0.000224 seconds.
  path: Assets/Sprites/cat/Idle (3).png
  artifactKey: Guid(ec1ffbeede3be864187ae4e1b83b15af) Importer(815301076,1909f56bfc062723c751e8b465ee728b)
Start importing Assets/Sprites/cat/Idle (3).png using Guid(ec1ffbeede3be864187ae4e1b83b15af) Importer(815301076,1909f56bfc062723c751e8b465ee728b)  -> (artifact id: '6b01bee682cf11de581e03f7a5866a1b') in 0.010852 seconds 
  Import took 0.014329 seconds .

========================================================================
Received Import Request.
  Time since last request: 0.000270 seconds.
  path: Assets/Sprites/cat/Hurt (9).png
  artifactKey: Guid(fbf68bf85e3757c498ef6662e1215a63) Importer(815301076,1909f56bfc062723c751e8b465ee728b)
Start importing Assets/Sprites/cat/Hurt (9).png using Guid(fbf68bf85e3757c498ef6662e1215a63) Importer(815301076,1909f56bfc062723c751e8b465ee728b)  -> (artifact id: '3db08486181c32a167e05c6db123b18e') in 0.013693 seconds 
  Import took 0.020496 seconds .

========================================================================
Received Import Request.
  Time since last request: 0.000533 seconds.
  path: Assets/Sprites/cat/Idle (2).png
  artifactKey: Guid(e82baf3caa5076f42a076624b3cfb0a6) Importer(815301076,1909f56bfc062723c751e8b465ee728b)
Start importing Assets/Sprites/cat/Idle (2).png using Guid(e82baf3caa5076f42a076624b3cfb0a6) Importer(815301076,1909f56bfc062723c751e8b465ee728b)  -> (artifact id: 'ab7380380c8c223e416c0a4748fb6678') in 0.021735 seconds 
  Import took 0.027907 seconds .

========================================================================
Received Import Request.
  Time since last request: 0.000376 seconds.
  path: Assets/Sprites/cat
  artifactKey: Guid(83e9eee01cb6bd3448d4eed246e8341f) Importer(815301076,1909f56bfc062723c751e8b465ee728b)
Start importing Assets/Sprites/cat using Guid(83e9eee01cb6bd3448d4eed246e8341f) Importer(815301076,1909f56bfc062723c751e8b465ee728b)  -> (artifact id: 'b4110ab62bc3031d1e3b7dd6f0f06bf4') in 0.002163 seconds 
  Import took 0.030265 seconds .

========================================================================
Received Import Request.
  Time since last request: 0.000187 seconds.
  path: Assets/Sprites/cat/Hurt (3).png
  artifactKey: Guid(c2ba9565664fe6e49b744d5d824b28d8) Importer(815301076,1909f56bfc062723c751e8b465ee728b)
Start importing Assets/Sprites/cat/Hurt (3).png using Guid(c2ba9565664fe6e49b744d5d824b28d8) Importer(815301076,1909f56bfc062723c751e8b465ee728b)  -> (artifact id: '6c792313fb9cf002159a69a5f4f430fd') in 0.011992 seconds 
  Import took 0.016421 seconds .

========================================================================
Received Import Request.
  Time since last request: 0.000233 seconds.
  path: Assets/Sprites/cat/Run (2).png
  artifactKey: Guid(e41d2fa03c2242d4b81002d50e8eeeda) Importer(815301076,1909f56bfc062723c751e8b465ee728b)
Start importing Assets/Sprites/cat/Run (2).png using Guid(e41d2fa03c2242d4b81002d50e8eeeda) Importer(815301076,1909f56bfc062723c751e8b465ee728b)  -> (artifact id: 'cb3d0cd37f18f64ce87d21294f6e9369') in 0.014130 seconds 
  Import took 0.018815 seconds .

========================================================================
Received Import Request.
  Time since last request: 0.000230 seconds.
  path: Assets/Sprites/cat/Dead (4).png
  artifactKey: Guid(ed56f0f1d87b0a34fa6ca7f050cc7c74) Importer(815301076,1909f56bfc062723c751e8b465ee728b)
Start importing Assets/Sprites/cat/Dead (4).png using Guid(ed56f0f1d87b0a34fa6ca7f050cc7c74) Importer(815301076,1909f56bfc062723c751e8b465ee728b)  -> (artifact id: '87f1d38e4a11491eaf01a941e7a42408') in 0.022382 seconds 
  Import took 0.027432 seconds .

========================================================================
Received Import Request.
  Time since last request: 0.000292 seconds.
  path: Assets/Sprites/cat/Fall (3).png
  artifactKey: Guid(d7be64197d3d74143bf708b35aadd17e) Importer(815301076,1909f56bfc062723c751e8b465ee728b)
Start importing Assets/Sprites/cat/Fall (3).png using Guid(d7be64197d3d74143bf708b35aadd17e) Importer(815301076,1909f56bfc062723c751e8b465ee728b)  -> (artifact id: '52d9c965b881da1c70f2da621548aba3') in 0.019712 seconds 
  Import took 0.024422 seconds .

========================================================================
Received Import Request.
  Time since last request: 0.000225 seconds.
  path: Assets/Sprites/cat/Fall (8).png
  artifactKey: Guid(3e48976b674008f4cb3038faf954f5d1) Importer(815301076,1909f56bfc062723c751e8b465ee728b)
Start importing Assets/Sprites/cat/Fall (8).png using Guid(3e48976b674008f4cb3038faf954f5d1) Importer(815301076,1909f56bfc062723c751e8b465ee728b)  -> (artifact id: '40d858d5b1431fae188e7e11de43db92') in 0.022995 seconds 
  Import took 0.027374 seconds .

========================================================================
Received Import Request.
  Time since last request: 0.000327 seconds.
  path: Assets/Sprites/cat/Fall (5).png
  artifactKey: Guid(f9b4460a9c8b21f49ba9eacccdd3e468) Importer(815301076,1909f56bfc062723c751e8b465ee728b)
Start importing Assets/Sprites/cat/Fall (5).png using Guid(f9b4460a9c8b21f49ba9eacccdd3e468) Importer(815301076,1909f56bfc062723c751e8b465ee728b)  -> (artifact id: 'c85dd94c19afe4546393d200279f1e5d') in 0.019781 seconds 
  Import took 0.024943 seconds .

========================================================================
Received Import Request.
  Time since last request: 0.000278 seconds.
  path: Assets/Sprites/cat/Dead (3).png
  artifactKey: Guid(77915aa23e77ac4428013d52ed952209) Importer(815301076,1909f56bfc062723c751e8b465ee728b)
Start importing Assets/Sprites/cat/Dead (3).png using Guid(77915aa23e77ac4428013d52ed952209) Importer(815301076,1909f56bfc062723c751e8b465ee728b)  -> (artifact id: '17396572d412fbd1df50e9099f7fff25') in 0.016933 seconds 
  Import took 0.022637 seconds .

========================================================================
Received Import Request.
  Time since last request: 0.000271 seconds.
  path: Assets/Sprites/cat/Run (3).png
  artifactKey: Guid(a48812947cb053a43a9e0f86f710266e) Importer(815301076,1909f56bfc062723c751e8b465ee728b)
Start importing Assets/Sprites/cat/Run (3).png using Guid(a48812947cb053a43a9e0f86f710266e) Importer(815301076,1909f56bfc062723c751e8b465ee728b)  -> (artifact id: '41286e2c3b191de58b49872434ea7de6') in 0.016277 seconds 
  Import took 0.020191 seconds .

========================================================================
Received Import Request.
  Time since last request: 0.000379 seconds.
  path: Assets/Sprites/cat/Hurt (8).png
  artifactKey: Guid(3099217d5b18d964dab0a181576f0c29) Importer(815301076,1909f56bfc062723c751e8b465ee728b)
Start importing Assets/Sprites/cat/Hurt (8).png using Guid(3099217d5b18d964dab0a181576f0c29) Importer(815301076,1909f56bfc062723c751e8b465ee728b)  -> (artifact id: '2fd99e56005bb0ed70e46b0416017a4b') in 0.015542 seconds 
  Import took 0.019624 seconds .

========================================================================
Received Import Request.
  Time since last request: 0.000264 seconds.
  path: Assets/Sprites/cat/Jump (1).png
  artifactKey: Guid(e073a6c48da64bb47a2fdd6222b2cfec) Importer(815301076,1909f56bfc062723c751e8b465ee728b)
Start importing Assets/Sprites/cat/Jump (1).png using Guid(e073a6c48da64bb47a2fdd6222b2cfec) Importer(815301076,1909f56bfc062723c751e8b465ee728b)  -> (artifact id: '3580d3a52791427b061f368cc7a0b033') in 0.023944 seconds 
  Import took 0.027772 seconds .

========================================================================
Received Import Request.
  Time since last request: 0.000274 seconds.
  path: Assets/Sprites/cat/Hurt (5).png
  artifactKey: Guid(937629da83f162a4596e19a38d009d81) Importer(815301076,1909f56bfc062723c751e8b465ee728b)
Start importing Assets/Sprites/cat/Hurt (5).png using Guid(937629da83f162a4596e19a38d009d81) Importer(815301076,1909f56bfc062723c751e8b465ee728b)  -> (artifact id: '368040954234be9bcc613d4e809a093f') in 0.021887 seconds 
  Import took 0.027905 seconds .

========================================================================
Received Import Request.
  Time since last request: 0.000666 seconds.
  path: Assets/Sprites/cat/Hurt (7).png
  artifactKey: Guid(68918ee446b6c4047882d8083309422c) Importer(815301076,1909f56bfc062723c751e8b465ee728b)
Start importing Assets/Sprites/cat/Hurt (7).png using Guid(68918ee446b6c4047882d8083309422c) Importer(815301076,1909f56bfc062723c751e8b465ee728b)  -> (artifact id: '212427fd7b3a47cc2ead62aacd886c4a') in 0.018643 seconds 
  Import took 0.025497 seconds .

========================================================================
Received Import Request.
  Time since last request: 0.000310 seconds.
  path: Assets/Sprites/cat/Jump (7).png
  artifactKey: Guid(19915b8ff16220545b34038dde5a0dfa) Importer(815301076,1909f56bfc062723c751e8b465ee728b)
Start importing Assets/Sprites/cat/Jump (7).png using Guid(19915b8ff16220545b34038dde5a0dfa) Importer(815301076,1909f56bfc062723c751e8b465ee728b)  -> (artifact id: 'f8a3512d1b1c47f863059cfe4ded3aaf') in 0.012870 seconds 
  Import took 0.018297 seconds .

========================================================================
Received Import Request.
  Time since last request: 0.000286 seconds.
  path: Assets/Sprites/cat/Dead (8).png
  artifactKey: Guid(4fed8d3e5799a7e42973f4a1df3ed5e9) Importer(815301076,1909f56bfc062723c751e8b465ee728b)
Start importing Assets/Sprites/cat/Dead (8).png using Guid(4fed8d3e5799a7e42973f4a1df3ed5e9) Importer(815301076,1909f56bfc062723c751e8b465ee728b)  -> (artifact id: '666b0c772372532fe4eadef05d1a132a') in 0.009825 seconds 
  Import took 0.013871 seconds .

========================================================================
Received Import Request.
  Time since last request: 0.000255 seconds.
  path: Assets/Sprites/cat/Dead (7).png
  artifactKey: Guid(666a93e3c585a9f4db99f020df565d50) Importer(815301076,1909f56bfc062723c751e8b465ee728b)
Start importing Assets/Sprites/cat/Dead (7).png using Guid(666a93e3c585a9f4db99f020df565d50) Importer(815301076,1909f56bfc062723c751e8b465ee728b)  -> (artifact id: 'd4edb9d6a7e560892a9e24e371073141') in 0.012218 seconds 
  Import took 0.016593 seconds .

AssetImportWorkerClient::OnTransportError - code=2 error=End of file
